{"C:\\projects\\full-stack-open\\osa5\\src\\components\\Blog.js": {"path":"C:\\projects\\full-stack-open\\osa5\\src\\components\\Blog.js","statementMap":{"0":{"start":{"line":4,"column":13},"end":{"line":114,"column":1}},"1":{"start":{"line":10,"column":33},"end":{"line":10,"column":48}},"2":{"start":{"line":12,"column":20},"end":{"line":15,"column":2}},"3":{"start":{"line":13,"column":2},"end":{"line":13,"column":20}},"4":{"start":{"line":14,"column":2},"end":{"line":14,"column":24}},"5":{"start":{"line":17,"column":20},"end":{"line":46,"column":2}},"6":{"start":{"line":18,"column":2},"end":{"line":18,"column":20}},"7":{"start":{"line":19,"column":2},"end":{"line":45,"column":3}},"8":{"start":{"line":20,"column":20},"end":{"line":20,"column":34}},"9":{"start":{"line":21,"column":3},"end":{"line":29,"column":6}},"10":{"start":{"line":30,"column":24},"end":{"line":30,"column":50}},"11":{"start":{"line":31,"column":3},"end":{"line":31,"column":25}},"12":{"start":{"line":32,"column":3},"end":{"line":32,"column":60}},"13":{"start":{"line":33,"column":3},"end":{"line":33,"column":32}},"14":{"start":{"line":34,"column":3},"end":{"line":37,"column":10}},"15":{"start":{"line":35,"column":4},"end":{"line":35,"column":25}},"16":{"start":{"line":36,"column":4},"end":{"line":36,"column":28}},"17":{"start":{"line":39,"column":3},"end":{"line":39,"column":56}},"18":{"start":{"line":40,"column":3},"end":{"line":40,"column":30}},"19":{"start":{"line":41,"column":3},"end":{"line":44,"column":10}},"20":{"start":{"line":42,"column":4},"end":{"line":42,"column":25}},"21":{"start":{"line":43,"column":4},"end":{"line":43,"column":28}},"22":{"start":{"line":48,"column":22},"end":{"line":71,"column":2}},"23":{"start":{"line":49,"column":2},"end":{"line":49,"column":20}},"24":{"start":{"line":50,"column":2},"end":{"line":70,"column":3}},"25":{"start":{"line":51,"column":3},"end":{"line":69,"column":4}},"26":{"start":{"line":52,"column":4},"end":{"line":52,"column":41}},"27":{"start":{"line":53,"column":25},"end":{"line":53,"column":51}},"28":{"start":{"line":54,"column":4},"end":{"line":54,"column":26}},"29":{"start":{"line":55,"column":4},"end":{"line":55,"column":62}},"30":{"start":{"line":56,"column":4},"end":{"line":56,"column":33}},"31":{"start":{"line":57,"column":4},"end":{"line":60,"column":12}},"32":{"start":{"line":58,"column":5},"end":{"line":58,"column":26}},"33":{"start":{"line":59,"column":5},"end":{"line":59,"column":29}},"34":{"start":{"line":62,"column":4},"end":{"line":62,"column":22}},"35":{"start":{"line":63,"column":4},"end":{"line":63,"column":66}},"36":{"start":{"line":64,"column":4},"end":{"line":64,"column":31}},"37":{"start":{"line":65,"column":4},"end":{"line":68,"column":11}},"38":{"start":{"line":66,"column":5},"end":{"line":66,"column":26}},"39":{"start":{"line":67,"column":5},"end":{"line":67,"column":29}},"40":{"start":{"line":73,"column":1},"end":{"line":113,"column":2}}},"fnMap":{"0":{"name":"(anonymous_0)","decl":{"start":{"line":4,"column":13},"end":{"line":4,"column":14}},"loc":{"start":{"line":9,"column":12},"end":{"line":114,"column":1}},"line":9},"1":{"name":"(anonymous_1)","decl":{"start":{"line":12,"column":20},"end":{"line":12,"column":21}},"loc":{"start":{"line":12,"column":25},"end":{"line":15,"column":2}},"line":12},"2":{"name":"(anonymous_2)","decl":{"start":{"line":17,"column":20},"end":{"line":17,"column":21}},"loc":{"start":{"line":17,"column":31},"end":{"line":46,"column":2}},"line":17},"3":{"name":"(anonymous_3)","decl":{"start":{"line":34,"column":14},"end":{"line":34,"column":15}},"loc":{"start":{"line":34,"column":20},"end":{"line":37,"column":4}},"line":34},"4":{"name":"(anonymous_4)","decl":{"start":{"line":41,"column":14},"end":{"line":41,"column":15}},"loc":{"start":{"line":41,"column":20},"end":{"line":44,"column":4}},"line":41},"5":{"name":"(anonymous_5)","decl":{"start":{"line":48,"column":22},"end":{"line":48,"column":23}},"loc":{"start":{"line":48,"column":33},"end":{"line":71,"column":2}},"line":48},"6":{"name":"(anonymous_6)","decl":{"start":{"line":57,"column":15},"end":{"line":57,"column":16}},"loc":{"start":{"line":57,"column":21},"end":{"line":60,"column":5}},"line":57},"7":{"name":"(anonymous_7)","decl":{"start":{"line":65,"column":15},"end":{"line":65,"column":16}},"loc":{"start":{"line":65,"column":21},"end":{"line":68,"column":5}},"line":65}},"branchMap":{"0":{"loc":{"start":{"line":50,"column":2},"end":{"line":70,"column":3}},"type":"if","locations":[{"start":{"line":50,"column":2},"end":{"line":70,"column":3}},{"start":{},"end":{}}],"line":50},"1":{"loc":{"start":{"line":75,"column":4},"end":{"line":110,"column":5}},"type":"cond-expr","locations":[{"start":{"line":77,"column":5},"end":{"line":80,"column":11}},{"start":{"line":82,"column":5},"end":{"line":109,"column":11}}],"line":75},"2":{"loc":{"start":{"line":108,"column":7},"end":{"line":108,"column":118}},"type":"cond-expr","locations":[{"start":{"line":108,"column":46},"end":{"line":108,"column":111}},{"start":{"line":108,"column":114},"end":{"line":108,"column":118}}],"line":108}},"s":{"0":0,"1":0,"2":0,"3":0,"4":0,"5":0,"6":0,"7":0,"8":0,"9":0,"10":0,"11":0,"12":0,"13":0,"14":0,"15":0,"16":0,"17":0,"18":0,"19":0,"20":0,"21":0,"22":0,"23":0,"24":0,"25":0,"26":0,"27":0,"28":0,"29":0,"30":0,"31":0,"32":0,"33":0,"34":0,"35":0,"36":0,"37":0,"38":0,"39":0,"40":0},"f":{"0":0,"1":0,"2":0,"3":0,"4":0,"5":0,"6":0,"7":0},"b":{"0":[0,0],"1":[0,0],"2":[0,0]}}
}
